<?xml version="1.0" encoding="UTF-8"?>
<!-- Generated by org.testng.reporters.JUnitReportReporter -->
<testsuite hostname="DESKTOP-OP1HFEP" failures="0" tests="5" name="regressionPackage.RegressionSuite1" time="278.218" errors="0" timestamp="18 Mar 2019 11:52:08 GMT" skipped="0">
  <testcase classname="regressionPackage.RegressionSuite1" name="addOpportunityTask" time="63.246"/>
  <testcase classname="regressionPackage.RegressionSuite1" name="editTest" time="79.293"/>
  <testcase classname="regressionPackage.RegressionSuite1" name="editButtonTest" time="59.781"/>
  <testcase classname="regressionPackage.RegressionSuite1" name="markStageComplete" time="11.552"/>
  <testcase classname="regressionPackage.RegressionSuite1" name="searchOpportunityEdit" time="64.346"/>
</testsuite> <!-- regressionPackage.RegressionSuite1 -->
