<?xml version="1.0" encoding="UTF-8"?>
<!-- Generated by org.testng.reporters.JUnitReportReporter -->
<testsuite skipped="0" hostname="DESKTOP-OP1HFEP" name="adminFlows.CustomizeOpp" tests="2" failures="0" timestamp="25 Feb 2019 11:52:07 GMT" time="169.507" errors="0">
  <testcase name="customizeOpp" time="113.348" classname="adminFlows.CustomizeOpp"/>
  <testcase name="verifyandDelete" time="56.159" classname="adminFlows.CustomizeOpp"/>
</testsuite> <!-- adminFlows.CustomizeOpp -->
