<?xml version="1.0" encoding="UTF-8"?>
<!-- Generated by org.testng.reporters.JUnitReportReporter -->
<testsuite skipped="0" hostname="DESKTOP-OP1HFEP" name="tests.EditOpportunityRecord" tests="1" failures="0" timestamp="29 Jan 2019 11:33:47 GMT" time="87.380" errors="0">
  <testcase name="editTest" time="87.380" classname="tests.EditOpportunityRecord"/>
</testsuite> <!-- tests.EditOpportunityRecord -->
