<?xml version="1.0" encoding="UTF-8"?>
<!-- Generated by org.testng.reporters.JUnitReportReporter -->
<testsuite skipped="0" hostname="DESKTOP-OP1HFEP" name="regressionPackage.DataDrivenAddOpportunity" tests="1" failures="0" timestamp="20 Feb 2019 07:04:15 GMT" time="224.636" errors="0">
  <testcase name="addOpportunityDatadriven" time="224.636" classname="regressionPackage.DataDrivenAddOpportunity"/>
</testsuite> <!-- regressionPackage.DataDrivenAddOpportunity -->
