<?xml version="1.0" encoding="UTF-8"?>
<!-- Generated by org.testng.reporters.JUnitReportReporter -->
<testsuite skipped="0" hostname="DESKTOP-OP1HFEP" name="tests.AddOpprtunityTaskOrder" tests="1" failures="0" timestamp="22 Feb 2019 12:33:30 GMT" time="93.445" errors="0">
  <testcase name="addOpportunityTask" time="93.445" classname="tests.AddOpprtunityTaskOrder"/>
</testsuite> <!-- tests.AddOpprtunityTaskOrder -->
