<?xml version="1.0" encoding="UTF-8"?>
<!-- Generated by org.testng.reporters.JUnitReportReporter -->
<testsuite skipped="0" hostname="DESKTOP-OP1HFEP" name="adminFlows.CustomizeOppLayout" tests="1" failures="0" timestamp="26 Feb 2019 13:59:11 GMT" time="262.377" errors="0">
  <testcase name="customizeOppAddTab" time="262.377" classname="adminFlows.CustomizeOppLayout"/>
</testsuite> <!-- adminFlows.CustomizeOppLayout -->
