<?xml version="1.0" encoding="UTF-8"?>
<!-- Generated by org.testng.reporters.JUnitReportReporter -->
<testsuite skipped="0" hostname="DESKTOP-OP1HFEP" name="tests.AddOportunityCommercialTest" tests="1" failures="0" timestamp="07 Feb 2019 11:30:20 GMT" time="0.007" errors="0">
  <testcase name="f" time="0.007" classname="tests.AddOportunityCommercialTest"/>
</testsuite> <!-- tests.AddOportunityCommercialTest -->
