<?xml version="1.0" encoding="UTF-8"?>
<!-- Generated by org.testng.reporters.JUnitReportReporter -->
<testsuite skipped="0" hostname="DESKTOP-OP1HFEP" name="tests.EditButtonOpportunity" tests="1" failures="0" timestamp="08 Mar 2019 14:09:14 GMT" time="228.015" errors="0">
  <testcase name="editButtonTest" time="228.015" classname="tests.EditButtonOpportunity"/>
</testsuite> <!-- tests.EditButtonOpportunity -->
