<?xml version="1.0" encoding="UTF-8"?>
<!-- Generated by org.testng.reporters.JUnitReportReporter -->
<testsuite hostname="DESKTOP-OP1HFEP" failures="0" tests="1" name="tests.DeleteOpportunity" time="36.298" errors="0" timestamp="18 Mar 2019 07:54:55 GMT" skipped="0">
  <testcase classname="tests.DeleteOpportunity" name="deleteOpportunity" time="36.298"/>
</testsuite> <!-- tests.DeleteOpportunity -->
