<?xml version="1.0" encoding="UTF-8"?>
<!-- Generated by org.testng.reporters.JUnitReportReporter -->
<testsuite hostname="DESKTOP-OP1HFEP" failures="0" tests="1" name="regressionPackage.DataDrivenAddOpportunity" time="275.892" errors="0" timestamp="29 Mar 2019 06:06:41 GMT" skipped="0">
  <testcase classname="regressionPackage.DataDrivenAddOpportunity" name="addOpportunityDatadriven" time="275.892"/>
</testsuite> <!-- regressionPackage.DataDrivenAddOpportunity -->
