<?xml version="1.0" encoding="UTF-8"?>
<!-- Generated by org.testng.reporters.JUnitReportReporter -->
<testsuite skipped="0" hostname="DESKTOP-OP1HFEP" name="regressionPackage.DataDrivenAddOpportunity" tests="1" failures="0" timestamp="14 Mar 2019 12:16:09 GMT" time="368.463" errors="0">
  <testcase name="addOpportunityDatadriven" time="368.463" classname="regressionPackage.DataDrivenAddOpportunity"/>
</testsuite> <!-- regressionPackage.DataDrivenAddOpportunity -->
