<?xml version="1.0" encoding="UTF-8"?>
<!-- Generated by org.testng.reporters.JUnitReportReporter -->
<testsuite hostname="DESKTOP-OP1HFEP" failures="0" tests="3" name="regressionPackage.RegressionSuite2" time="73.278" errors="0" timestamp="18 Mar 2019 12:07:29 GMT" skipped="0">
  <testcase classname="regressionPackage.RegressionSuite2" name="changeRecordType" time="31.728"/>
  <testcase classname="regressionPackage.RegressionSuite2" name="cloneOpportunity" time="27.046"/>
  <testcase classname="regressionPackage.RegressionSuite2" name="deleteOpportunity" time="14.504"/>
</testsuite> <!-- regressionPackage.RegressionSuite2 -->
