<?xml version="1.0" encoding="UTF-8"?>
<!-- Generated by org.testng.reporters.JUnitReportReporter -->
<testsuite skipped="0" hostname="DESKTOP-OP1HFEP" name="tests.Contact" tests="2" failures="0" timestamp="22 Jan 2019 11:26:27 GMT" time="31.017" errors="0">
  <testcase name="openBrowser" time="9.985" classname="tests.Contact"/>
  <testcase name="login" time="21.032" classname="tests.Contact"/>
</testsuite> <!-- tests.Contact -->
