<?xml version="1.0" encoding="UTF-8"?>
<!-- Generated by org.testng.reporters.JUnitReportReporter -->
<testsuite skipped="0" hostname="DESKTOP-OP1HFEP" name="tests.DataDrivenOpp" tests="1" failures="0" timestamp="15 Feb 2019 11:16:15 GMT" time="227.958" errors="0">
  <testcase name="addOpportunityDatadriven" time="227.958" classname="tests.DataDrivenOpp"/>
</testsuite> <!-- tests.DataDrivenOpp -->
