<?xml version="1.0" encoding="UTF-8"?>
<!-- Generated by org.testng.reporters.JUnitReportReporter -->
<testsuite skipped="0" hostname="DESKTOP-OP1HFEP" name="adminFlows.CustomizeOpp" tests="2" failures="0" timestamp="08 Mar 2019 14:25:21 GMT" time="166.839" errors="0">
  <testcase name="customizeOppAddTab" time="111.165" classname="adminFlows.CustomizeOpp"/>
  <testcase name="verifyandDeleteTab" time="55.674" classname="adminFlows.CustomizeOpp"/>
</testsuite> <!-- adminFlows.CustomizeOpp -->
