<?xml version="1.0" encoding="UTF-8"?>
<!-- Generated by org.testng.reporters.JUnitReportReporter -->
<testsuite skipped="0" hostname="DESKTOP-OP1HFEP" name="regressionPackage.RegressionSuite1" tests="5" failures="0" timestamp="19 Feb 2019 07:10:59 GMT" time="285.837" errors="0">
  <testcase name="addOpportunityTask" time="65.806" classname="regressionPackage.RegressionSuite1"/>
  <testcase name="editTest" time="77.237" classname="regressionPackage.RegressionSuite1"/>
  <testcase name="editButtonTest" time="63.080" classname="regressionPackage.RegressionSuite1"/>
  <testcase name="markStageComplete" time="15.590" classname="regressionPackage.RegressionSuite1"/>
  <testcase name="searchOpportunityEdit" time="64.124" classname="regressionPackage.RegressionSuite1"/>
</testsuite> <!-- regressionPackage.RegressionSuite1 -->
