<?xml version="1.0" encoding="UTF-8"?>
<!-- Generated by org.testng.reporters.JUnitReportReporter -->
<testsuite hostname="DESKTOP-OP1HFEP" failures="0" tests="1" name="regressionPackage.DataDrivenOpp" time="363.983" errors="0" timestamp="22 Mar 2019 14:02:52 GMT" skipped="0">
  <testcase classname="regressionPackage.DataDrivenOpp" name="addOpportunityDatadriven" time="363.983"/>
</testsuite> <!-- regressionPackage.DataDrivenOpp -->
