<?xml version="1.0" encoding="UTF-8"?>
<!-- Generated by org.testng.reporters.JUnitReportReporter -->
<testsuite skipped="0" hostname="DESKTOP-OP1HFEP" name="tests.AddOpprtunity" tests="2" failures="0" timestamp="28 Jan 2019 12:15:34 GMT" time="72.231" errors="0">
  <testcase name="openBrowser" time="11.996" classname="tests.AddOpprtunity"/>
  <testcase name="login" time="60.235" classname="tests.AddOpprtunity"/>
</testsuite> <!-- tests.AddOpprtunity -->
