<?xml version="1.0" encoding="UTF-8"?>
<!-- Generated by org.testng.reporters.JUnitReportReporter -->
<testsuite hostname="DESKTOP-OP1HFEP" failures="0" tests="1" name="tests.AddOpprtunityTaskOrder" time="90.231" errors="0" timestamp="15 Mar 2019 10:36:11 GMT" skipped="0">
  <testcase classname="tests.AddOpprtunityTaskOrder" name="addOpportunityTask" time="90.231"/>
</testsuite> <!-- tests.AddOpprtunityTaskOrder -->
