<?xml version="1.0" encoding="UTF-8"?>
<!-- Generated by org.testng.reporters.JUnitReportReporter -->
<testsuite skipped="0" hostname="DESKTOP-OP1HFEP" name="regressionPackage.RegressionSuite1" tests="5" failures="0" timestamp="25 Feb 2019 12:21:46 GMT" time="277.684" errors="0">
  <testcase name="addOpportunityTask" time="65.572" classname="regressionPackage.RegressionSuite1"/>
  <testcase name="editTest" time="79.147" classname="regressionPackage.RegressionSuite1"/>
  <testcase name="editButtonTest" time="54.128" classname="regressionPackage.RegressionSuite1"/>
  <testcase name="markStageComplete" time="12.230" classname="regressionPackage.RegressionSuite1"/>
  <testcase name="searchOpportunityEdit" time="66.607" classname="regressionPackage.RegressionSuite1"/>
</testsuite> <!-- regressionPackage.RegressionSuite1 -->
