<?xml version="1.0" encoding="UTF-8"?>
<!-- Generated by org.testng.reporters.JUnitReportReporter -->
<testsuite skipped="0" hostname="DESKTOP-OP1HFEP" name="tests.AddOpprtunityTaskOrder" tests="1" failures="0" timestamp="20 Feb 2019 06:00:17 GMT" time="96.817" errors="0">
  <testcase name="addOpportunityTask" time="96.817" classname="tests.AddOpprtunityTaskOrder"/>
</testsuite> <!-- tests.AddOpprtunityTaskOrder -->
