<?xml version="1.0" encoding="UTF-8"?>
<!-- Generated by org.testng.reporters.JUnitReportReporter -->
<testsuite hostname="DESKTOP-OP1HFEP" failures="0" tests="2" name="regressionPackage.RegressionSuite3" time="369.422" errors="0" timestamp="18 Mar 2019 13:57:44 GMT" skipped="0">
  <testcase classname="regressionPackage.RegressionSuite3" name="customizeOppAddTab" time="127.884"/>
  <testcase classname="regressionPackage.RegressionSuite3" name="customizeOppLayoutAddTab" time="241.538"/>
</testsuite> <!-- regressionPackage.RegressionSuite3 -->
