<?xml version="1.0" encoding="UTF-8"?>
<!-- Generated by org.testng.reporters.JUnitReportReporter -->
<testsuite hostname="DESKTOP-OP1HFEP" failures="0" tests="1" name="tests.EditOpportunity" time="138.835" errors="0" timestamp="19 Mar 2019 06:35:41 GMT" skipped="0">
  <testcase classname="tests.EditOpportunity" name="editTest" time="138.835"/>
</testsuite> <!-- tests.EditOpportunity -->
