<?xml version="1.0" encoding="UTF-8"?>
<!-- Generated by org.testng.reporters.JUnitReportReporter -->
<testsuite skipped="0" hostname="DESKTOP-OP1HFEP" name="tests.ChangeRecordType" tests="1" failures="0" timestamp="14 Mar 2019 11:50:02 GMT" time="59.169" errors="0">
  <testcase name="changeRecordType" time="59.169" classname="tests.ChangeRecordType"/>
</testsuite> <!-- tests.ChangeRecordType -->
