<?xml version="1.0" encoding="UTF-8"?>
<!-- Generated by org.testng.reporters.JUnitReportReporter -->
<testsuite skipped="0" hostname="DESKTOP-OP1HFEP" name="tests.EditOpportunity" tests="1" failures="0" timestamp="08 Mar 2019 14:09:14 GMT" time="140.118" errors="0">
  <testcase name="editTest" time="140.118" classname="tests.EditOpportunity"/>
</testsuite> <!-- tests.EditOpportunity -->
