<?xml version="1.0" encoding="UTF-8"?>
<!-- Generated by org.testng.reporters.JUnitReportReporter -->
<testsuite skipped="0" hostname="DESKTOP-OP1HFEP" name="tests.CloneOpportunity" tests="1" failures="0" timestamp="19 Feb 2019 06:42:53 GMT" time="53.145" errors="0">
  <testcase name="cloneOpportunity" time="53.145" classname="tests.CloneOpportunity"/>
</testsuite> <!-- tests.CloneOpportunity -->
