<?xml version="1.0" encoding="UTF-8"?>
<!-- Generated by org.testng.reporters.JUnitReportReporter -->
<testsuite skipped="0" hostname="DESKTOP-OP1HFEP" name="tests.BudgetHandling" tests="1" failures="0" timestamp="13 Feb 2019 10:59:04 GMT" time="111.840" errors="0">
  <testcase name="budgetHandle" time="111.840" classname="tests.BudgetHandling"/>
</testsuite> <!-- tests.BudgetHandling -->
