<?xml version="1.0" encoding="UTF-8"?>
<!-- Generated by org.testng.reporters.JUnitReportReporter -->
<testsuite skipped="0" hostname="DESKTOP-OP1HFEP" name="tests.BudgetHandling" tests="1" failures="0" timestamp="14 Mar 2019 14:32:59 GMT" time="145.793" errors="0">
  <testcase name="budgetHandle" time="145.793" classname="tests.BudgetHandling"/>
</testsuite> <!-- tests.BudgetHandling -->
