<?xml version="1.0" encoding="UTF-8"?>
<!-- Generated by org.testng.reporters.JUnitReportReporter -->
<testsuite hostname="DESKTOP-OP1HFEP" failures="0" tests="5" name="regressionPackage.RegressionSuite1" time="268.414" errors="0" timestamp="29 Mar 2019 05:59:19 GMT" skipped="0">
  <testcase classname="regressionPackage.RegressionSuite1" name="addOpportunityTask" time="63.317"/>
  <testcase classname="regressionPackage.RegressionSuite1" name="editTest" time="79.622"/>
  <testcase classname="regressionPackage.RegressionSuite1" name="editButtonTest" time="50.237"/>
  <testcase classname="regressionPackage.RegressionSuite1" name="markStageComplete" time="11.379"/>
  <testcase classname="regressionPackage.RegressionSuite1" name="searchOpportunityEdit" time="63.859"/>
</testsuite> <!-- regressionPackage.RegressionSuite1 -->
