<?xml version="1.0" encoding="UTF-8"?>
<!-- Generated by org.testng.reporters.JUnitReportReporter -->
<testsuite skipped="0" hostname="DESKTOP-OP1HFEP" name="tests.CloneOpportunity" tests="1" failures="0" timestamp="08 Mar 2019 14:09:14 GMT" time="58.406" errors="0">
  <testcase name="cloneOpportunity" time="58.406" classname="tests.CloneOpportunity"/>
</testsuite> <!-- tests.CloneOpportunity -->
