<?xml version="1.0" encoding="UTF-8"?>
<!-- Generated by org.testng.reporters.JUnitReportReporter -->
<testsuite skipped="0" hostname="DESKTOP-OP1HFEP" name="regressionPackage.RegressionSuite2" tests="2" failures="0" timestamp="19 Feb 2019 07:10:59 GMT" time="85.594" errors="0">
  <testcase name="changeRecordType" time="44.603" classname="regressionPackage.RegressionSuite2"/>
  <testcase name="cloneOpportunity" time="40.991" classname="regressionPackage.RegressionSuite2"/>
</testsuite> <!-- regressionPackage.RegressionSuite2 -->
