<?xml version="1.0" encoding="UTF-8"?>
<!-- Generated by org.testng.reporters.JUnitReportReporter -->
<testsuite skipped="0" hostname="DESKTOP-OP1HFEP" name="regressionPackage.RegressionSuite1" tests="5" failures="0" timestamp="14 Mar 2019 14:27:02 GMT" time="268.189" errors="0">
  <testcase name="addOpportunityTask" time="60.214" classname="regressionPackage.RegressionSuite1"/>
  <testcase name="editTest" time="79.080" classname="regressionPackage.RegressionSuite1"/>
  <testcase name="editButtonTest" time="53.689" classname="regressionPackage.RegressionSuite1"/>
  <testcase name="markStageComplete" time="11.196" classname="regressionPackage.RegressionSuite1"/>
  <testcase name="searchOpportunityEdit" time="64.010" classname="regressionPackage.RegressionSuite1"/>
</testsuite> <!-- regressionPackage.RegressionSuite1 -->
