<?xml version="1.0" encoding="UTF-8"?>
<!-- Generated by org.testng.reporters.JUnitReportReporter -->
<testsuite skipped="0" hostname="DESKTOP-OP1HFEP" name="tests.SearchBoxEdit" tests="1" failures="0" timestamp="19 Feb 2019 06:42:53 GMT" time="104.256" errors="0">
  <testcase name="searchOpportunityEdit" time="104.256" classname="tests.SearchBoxEdit"/>
</testsuite> <!-- tests.SearchBoxEdit -->
