<?xml version="1.0" encoding="UTF-8"?>
<!-- Generated by org.testng.reporters.JUnitReportReporter -->
<testsuite skipped="0" hostname="DESKTOP-OP1HFEP" name="tests.MarkStageComplete" tests="1" failures="0" timestamp="19 Feb 2019 06:42:53 GMT" time="44.950" errors="0">
  <testcase name="markStageComplete" time="44.950" classname="tests.MarkStageComplete"/>
</testsuite> <!-- tests.MarkStageComplete -->
