<?xml version="1.0" encoding="UTF-8"?>
<!-- Generated by org.testng.reporters.JUnitReportReporter -->
<testsuite hostname="DESKTOP-OP1HFEP" failures="1" tests="5" name="regressionPackage.RegressionSuite1" time="285.055" errors="0" timestamp="22 Mar 2019 07:21:23 GMT" skipped="0">
  <testcase classname="regressionPackage.RegressionSuite1" name="addOpportunityTask" time="63.441"/>
  <testcase classname="regressionPackage.RegressionSuite1" name="editTest" time="80.904"/>
  <testcase classname="regressionPackage.RegressionSuite1" name="editButtonTest" time="52.624">
    <failure message="expected [RFP Release Dat] but found [RFP Release Date]" type="java.lang.AssertionError">
      <![CDATA[java.lang.AssertionError: expected [RFP Release Dat] but found [RFP Release Date]
	at org.testng.Assert.fail(Assert.java:93)
	at org.testng.Assert.failNotEquals(Assert.java:512)
	at org.testng.Assert.assertEqualsImpl(Assert.java:134)
	at org.testng.Assert.assertEquals(Assert.java:115)
	at org.testng.Assert.assertEquals(Assert.java:189)
	at org.testng.Assert.assertEquals(Assert.java:199)
	at regressionPackage.RegressionSuite1.editButtonTest(RegressionSuite1.java:335)
	at java.base/jdk.internal.reflect.NativeMethodAccessorImpl.invoke0(Native Method)
	at java.base/jdk.internal.reflect.NativeMethodAccessorImpl.invoke(NativeMethodAccessorImpl.java:62)
	at java.base/jdk.internal.reflect.DelegatingMethodAccessorImpl.invoke(DelegatingMethodAccessorImpl.java:43)
	at java.base/java.lang.reflect.Method.invoke(Method.java:566)
	at org.testng.internal.MethodInvocationHelper.invokeMethod(MethodInvocationHelper.java:108)
	at org.testng.internal.Invoker.invokeMethod(Invoker.java:661)
	at org.testng.internal.Invoker.invokeTestMethod(Invoker.java:869)
	at org.testng.internal.Invoker.invokeTestMethods(Invoker.java:1193)
	at org.testng.internal.TestMethodWorker.invokeTestMethods(TestMethodWorker.java:126)
	at org.testng.internal.TestMethodWorker.run(TestMethodWorker.java:109)
	at java.base/java.util.concurrent.ThreadPoolExecutor.runWorker(ThreadPoolExecutor.java:1128)
	at java.base/java.util.concurrent.ThreadPoolExecutor$Worker.run(ThreadPoolExecutor.java:628)
	at java.base/java.lang.Thread.run(Thread.java:834)
]]>
    </failure>
  </testcase> <!-- editButtonTest -->
  <testcase classname="regressionPackage.RegressionSuite1" name="markStageComplete" time="22.217"/>
  <testcase classname="regressionPackage.RegressionSuite1" name="searchOpportunityEdit" time="65.869"/>
</testsuite> <!-- regressionPackage.RegressionSuite1 -->
